<?xml version="1.0" encoding="UTF-8"?>
<!-- Generated by org.testng.reporters.JUnitReportReporter -->
<testsuite skipped="1" hostname="TYSS" name="scripts.TestScripts" tests="2" failures="0" timestamp="08 Jun 2019 01:12:16 GMT" time="34.394" errors="0">
  <testcase name="testSortListBox" time="34.394" classname="scripts.TestScripts"/>
  <testcase name="testCreateEmployee" classname="scripts.TestScripts">
    <skipped/>
  </testcase> <!-- testCreateEmployee -->
</testsuite> <!-- scripts.TestScripts -->
