<?xml version="1.0" encoding="UTF-8"?>
<!-- Generated by org.testng.reporters.JUnitReportReporter -->
<testsuite hostname="TYSS" name="scripts.TestScripts" tests="1" failures="0" timestamp="8 Jun 2019 01:14:30 GMT" time="25.051" errors="0">
  <testcase name="testSortListBox" time="25.051" classname="scripts.TestScripts"/>
</testsuite> <!-- scripts.TestScripts -->
